2024-10-11T10:53:11.794+02:00  INFO 12736 --- [Gym] [main] com.myProject.demo.GymApplicationTests   : Starting GymApplicationTests using Java 22.0.1 with PID 12736 (started by TSI USER in C:\Users\TSI USER\Documents\GitHub\Gym-BE)
2024-10-11T10:53:11.818+02:00  INFO 12736 --- [Gym] [main] com.myProject.demo.GymApplicationTests   : No active profile set, falling back to 1 default profile: "default"
2024-10-11T10:53:13.768+02:00  INFO 12736 --- [Gym] [main] .s.d.r.c.RepositoryConfigurationDelegate : Multiple Spring Data modules found, entering strict repository configuration mode
2024-10-11T10:53:13.811+02:00  INFO 12736 --- [Gym] [main] .s.d.r.c.RepositoryConfigurationDelegate : Bootstrapping Spring Data JDBC repositories in DEFAULT mode.
2024-10-11T10:53:13.864+02:00  INFO 12736 --- [Gym] [main] .RepositoryConfigurationExtensionSupport : Spring Data JDBC - Could not safely identify store assignment for repository candidate interface com.myProject.demo.repository.SchedaRepository; If you want this repository to be a JDBC repository, consider annotating your entities with one of these annotations: org.springframework.data.relational.core.mapping.Table.
2024-10-11T10:53:13.867+02:00  INFO 12736 --- [Gym] [main] .RepositoryConfigurationExtensionSupport : Spring Data JDBC - Could not safely identify store assignment for repository candidate interface com.myProject.demo.repository.UserRepository; If you want this repository to be a JDBC repository, consider annotating your entities with one of these annotations: org.springframework.data.relational.core.mapping.Table.
2024-10-11T10:53:13.868+02:00  INFO 12736 --- [Gym] [main] .s.d.r.c.RepositoryConfigurationDelegate : Finished Spring Data repository scanning in 49 ms. Found 0 JDBC repository interfaces.
2024-10-11T10:53:13.909+02:00  INFO 12736 --- [Gym] [main] .s.d.r.c.RepositoryConfigurationDelegate : Multiple Spring Data modules found, entering strict repository configuration mode
2024-10-11T10:53:13.911+02:00  INFO 12736 --- [Gym] [main] .s.d.r.c.RepositoryConfigurationDelegate : Bootstrapping Spring Data JPA repositories in DEFAULT mode.
2024-10-11T10:53:13.971+02:00  INFO 12736 --- [Gym] [main] .s.d.r.c.RepositoryConfigurationDelegate : Finished Spring Data repository scanning in 51 ms. Found 2 JPA repository interfaces.
2024-10-11T10:53:14.538+02:00  WARN 12736 --- [Gym] [main] trationDelegate$BeanPostProcessorChecker : Bean 'org.springframework.ws.config.annotation.DelegatingWsConfiguration' of type [org.springframework.ws.config.annotation.DelegatingWsConfiguration$$SpringCGLIB$$0] is not eligible for getting processed by all BeanPostProcessors (for example: not eligible for auto-proxying). The currently created BeanPostProcessor [annotationActionEndpointMapping] is declared through a non-static factory method on that class; consider declaring it as static instead.
2024-10-11T10:53:14.576+02:00  INFO 12736 --- [Gym] [main] .w.s.a.s.AnnotationActionEndpointMapping : Supporting [WS-Addressing August 2004, WS-Addressing 1.0]
2024-10-11T10:53:15.245+02:00  INFO 12736 --- [Gym] [main] o.hibernate.jpa.internal.util.LogHelper  : HHH000204: Processing PersistenceUnitInfo [name: default]
2024-10-11T10:53:15.351+02:00  INFO 12736 --- [Gym] [main] org.hibernate.Version                    : HHH000412: Hibernate ORM core version 6.5.2.Final
2024-10-11T10:53:15.425+02:00  INFO 12736 --- [Gym] [main] o.h.c.internal.RegionFactoryInitiator    : HHH000026: Second-level cache disabled
2024-10-11T10:53:16.143+02:00  INFO 12736 --- [Gym] [main] o.s.o.j.p.SpringPersistenceUnitInfo      : No LoadTimeWeaver setup: ignoring JPA class transformer
2024-10-11T10:53:16.199+02:00  INFO 12736 --- [Gym] [main] com.zaxxer.hikari.HikariDataSource       : HikariPool-1 - Starting...
2024-10-11T10:53:16.832+02:00  INFO 12736 --- [Gym] [main] com.zaxxer.hikari.pool.HikariPool        : HikariPool-1 - Added connection com.mysql.cj.jdbc.ConnectionImpl@55fe9c2f
2024-10-11T10:53:16.836+02:00  INFO 12736 --- [Gym] [main] com.zaxxer.hikari.HikariDataSource       : HikariPool-1 - Start completed.
2024-10-11T10:53:17.976+02:00  INFO 12736 --- [Gym] [main] o.h.e.t.j.p.i.JtaPlatformInitiator       : HHH000489: No JTA platform available (set 'hibernate.transaction.jta.platform' to enable JTA platform integration)
2024-10-11T10:53:18.034+02:00  INFO 12736 --- [Gym] [main] j.LocalContainerEntityManagerFactoryBean : Initialized JPA EntityManagerFactory for persistence unit 'default'
2024-10-11T10:53:20.716+02:00  INFO 12736 --- [Gym] [main] o.s.b.a.e.web.EndpointLinksResolver      : Exposing 15 endpoints beneath base path '/actuator'
2024-10-11T10:53:20.876+02:00  INFO 12736 --- [Gym] [main] com.myProject.demo.GymApplicationTests   : Started GymApplicationTests in 9.739 seconds (process running for 11.117)
2024-10-11T10:53:21.891+02:00  INFO 12736 --- [Gym] [SpringApplicationShutdownHook] j.LocalContainerEntityManagerFactoryBean : Closing JPA EntityManagerFactory for persistence unit 'default'
2024-10-11T10:53:21.897+02:00  INFO 12736 --- [Gym] [SpringApplicationShutdownHook] com.zaxxer.hikari.HikariDataSource       : HikariPool-1 - Shutdown initiated...
2024-10-11T10:53:21.919+02:00  INFO 12736 --- [Gym] [SpringApplicationShutdownHook] com.zaxxer.hikari.HikariDataSource       : HikariPool-1 - Shutdown completed.
2024-10-11T10:57:08.079+02:00  INFO 10972 --- [Gym] [main] com.myProject.demo.GymApplicationTests   : Starting GymApplicationTests using Java 22.0.1 with PID 10972 (started by TSI USER in C:\Users\TSI USER\Documents\GitHub\Gym-BE)
2024-10-11T10:57:08.096+02:00  INFO 10972 --- [Gym] [main] com.myProject.demo.GymApplicationTests   : No active profile set, falling back to 1 default profile: "default"
2024-10-11T10:57:09.812+02:00  INFO 10972 --- [Gym] [main] .s.d.r.c.RepositoryConfigurationDelegate : Multiple Spring Data modules found, entering strict repository configuration mode
2024-10-11T10:57:09.812+02:00  INFO 10972 --- [Gym] [main] .s.d.r.c.RepositoryConfigurationDelegate : Bootstrapping Spring Data JDBC repositories in DEFAULT mode.
2024-10-11T10:57:09.843+02:00  INFO 10972 --- [Gym] [main] .RepositoryConfigurationExtensionSupport : Spring Data JDBC - Could not safely identify store assignment for repository candidate interface com.myProject.demo.repository.SchedaRepository; If you want this repository to be a JDBC repository, consider annotating your entities with one of these annotations: org.springframework.data.relational.core.mapping.Table.
2024-10-11T10:57:09.843+02:00  INFO 10972 --- [Gym] [main] .RepositoryConfigurationExtensionSupport : Spring Data JDBC - Could not safely identify store assignment for repository candidate interface com.myProject.demo.repository.UserRepository; If you want this repository to be a JDBC repository, consider annotating your entities with one of these annotations: org.springframework.data.relational.core.mapping.Table.
2024-10-11T10:57:09.843+02:00  INFO 10972 --- [Gym] [main] .s.d.r.c.RepositoryConfigurationDelegate : Finished Spring Data repository scanning in 34 ms. Found 0 JDBC repository interfaces.
2024-10-11T10:57:09.859+02:00  INFO 10972 --- [Gym] [main] .s.d.r.c.RepositoryConfigurationDelegate : Multiple Spring Data modules found, entering strict repository configuration mode
2024-10-11T10:57:09.859+02:00  INFO 10972 --- [Gym] [main] .s.d.r.c.RepositoryConfigurationDelegate : Bootstrapping Spring Data JPA repositories in DEFAULT mode.
2024-10-11T10:57:09.906+02:00  INFO 10972 --- [Gym] [main] .s.d.r.c.RepositoryConfigurationDelegate : Finished Spring Data repository scanning in 31 ms. Found 2 JPA repository interfaces.
2024-10-11T10:57:10.387+02:00  WARN 10972 --- [Gym] [main] trationDelegate$BeanPostProcessorChecker : Bean 'org.springframework.ws.config.annotation.DelegatingWsConfiguration' of type [org.springframework.ws.config.annotation.DelegatingWsConfiguration$$SpringCGLIB$$0] is not eligible for getting processed by all BeanPostProcessors (for example: not eligible for auto-proxying). The currently created BeanPostProcessor [annotationActionEndpointMapping] is declared through a non-static factory method on that class; consider declaring it as static instead.
2024-10-11T10:57:10.419+02:00  INFO 10972 --- [Gym] [main] .w.s.a.s.AnnotationActionEndpointMapping : Supporting [WS-Addressing August 2004, WS-Addressing 1.0]
2024-10-11T10:57:11.077+02:00  INFO 10972 --- [Gym] [main] o.hibernate.jpa.internal.util.LogHelper  : HHH000204: Processing PersistenceUnitInfo [name: default]
2024-10-11T10:57:11.190+02:00  INFO 10972 --- [Gym] [main] org.hibernate.Version                    : HHH000412: Hibernate ORM core version 6.5.2.Final
2024-10-11T10:57:11.238+02:00  INFO 10972 --- [Gym] [main] o.h.c.internal.RegionFactoryInitiator    : HHH000026: Second-level cache disabled
2024-10-11T10:57:11.779+02:00  INFO 10972 --- [Gym] [main] o.s.o.j.p.SpringPersistenceUnitInfo      : No LoadTimeWeaver setup: ignoring JPA class transformer
2024-10-11T10:57:11.810+02:00  INFO 10972 --- [Gym] [main] com.zaxxer.hikari.HikariDataSource       : HikariPool-1 - Starting...
2024-10-11T10:57:12.265+02:00  INFO 10972 --- [Gym] [main] com.zaxxer.hikari.pool.HikariPool        : HikariPool-1 - Added connection com.mysql.cj.jdbc.ConnectionImpl@28f8ce2e
2024-10-11T10:57:12.265+02:00  INFO 10972 --- [Gym] [main] com.zaxxer.hikari.HikariDataSource       : HikariPool-1 - Start completed.
2024-10-11T10:57:13.437+02:00  INFO 10972 --- [Gym] [main] o.h.e.t.j.p.i.JtaPlatformInitiator       : HHH000489: No JTA platform available (set 'hibernate.transaction.jta.platform' to enable JTA platform integration)
2024-10-11T10:57:13.484+02:00  INFO 10972 --- [Gym] [main] j.LocalContainerEntityManagerFactoryBean : Initialized JPA EntityManagerFactory for persistence unit 'default'
2024-10-11T10:57:19.115+02:00  INFO 10972 --- [Gym] [main] o.s.b.a.e.web.EndpointLinksResolver      : Exposing 15 endpoints beneath base path '/actuator'
2024-10-11T10:57:19.419+02:00  INFO 10972 --- [Gym] [main] com.myProject.demo.GymApplicationTests   : Started GymApplicationTests in 11.904 seconds (process running for 13.218)
2024-10-11T10:57:21.200+02:00  INFO 10972 --- [Gym] [SpringApplicationShutdownHook] j.LocalContainerEntityManagerFactoryBean : Closing JPA EntityManagerFactory for persistence unit 'default'
2024-10-11T10:57:21.228+02:00  INFO 10972 --- [Gym] [SpringApplicationShutdownHook] com.zaxxer.hikari.HikariDataSource       : HikariPool-1 - Shutdown initiated...
2024-10-11T10:57:21.268+02:00  INFO 10972 --- [Gym] [SpringApplicationShutdownHook] com.zaxxer.hikari.HikariDataSource       : HikariPool-1 - Shutdown completed.
2024-10-11T11:02:39.780+02:00  INFO 17284 --- [Gym] [main] com.myProject.demo.GymApplication        : Starting GymApplication using Java 22.0.1 with PID 17284 (C:\Users\TSI USER\Documents\GitHub\Gym-BE\target\classes started by TSI USER in C:\Users\TSI USER\Documents\GitHub\Gym-BE)
2024-10-11T11:02:39.783+02:00  INFO 17284 --- [Gym] [main] com.myProject.demo.GymApplication        : No active profile set, falling back to 1 default profile: "default"
2024-10-11T11:02:41.069+02:00  INFO 17284 --- [Gym] [main] .s.d.r.c.RepositoryConfigurationDelegate : Multiple Spring Data modules found, entering strict repository configuration mode
2024-10-11T11:02:41.069+02:00  INFO 17284 --- [Gym] [main] .s.d.r.c.RepositoryConfigurationDelegate : Bootstrapping Spring Data JDBC repositories in DEFAULT mode.
2024-10-11T11:02:41.108+02:00  INFO 17284 --- [Gym] [main] .RepositoryConfigurationExtensionSupport : Spring Data JDBC - Could not safely identify store assignment for repository candidate interface com.myProject.demo.repository.SchedaRepository; If you want this repository to be a JDBC repository, consider annotating your entities with one of these annotations: org.springframework.data.relational.core.mapping.Table.
2024-10-11T11:02:41.110+02:00  INFO 17284 --- [Gym] [main] .RepositoryConfigurationExtensionSupport : Spring Data JDBC - Could not safely identify store assignment for repository candidate interface com.myProject.demo.repository.UserRepository; If you want this repository to be a JDBC repository, consider annotating your entities with one of these annotations: org.springframework.data.relational.core.mapping.Table.
2024-10-11T11:02:41.111+02:00  INFO 17284 --- [Gym] [main] .s.d.r.c.RepositoryConfigurationDelegate : Finished Spring Data repository scanning in 36 ms. Found 0 JDBC repository interfaces.
2024-10-11T11:02:41.120+02:00  INFO 17284 --- [Gym] [main] .s.d.r.c.RepositoryConfigurationDelegate : Multiple Spring Data modules found, entering strict repository configuration mode
2024-10-11T11:02:41.122+02:00  INFO 17284 --- [Gym] [main] .s.d.r.c.RepositoryConfigurationDelegate : Bootstrapping Spring Data JPA repositories in DEFAULT mode.
2024-10-11T11:02:41.154+02:00  INFO 17284 --- [Gym] [main] .s.d.r.c.RepositoryConfigurationDelegate : Finished Spring Data repository scanning in 29 ms. Found 2 JPA repository interfaces.
2024-10-11T11:02:41.506+02:00  WARN 17284 --- [Gym] [main] trationDelegate$BeanPostProcessorChecker : Bean 'org.springframework.ws.config.annotation.DelegatingWsConfiguration' of type [org.springframework.ws.config.annotation.DelegatingWsConfiguration$$SpringCGLIB$$0] is not eligible for getting processed by all BeanPostProcessors (for example: not eligible for auto-proxying). The currently created BeanPostProcessor [annotationActionEndpointMapping] is declared through a non-static factory method on that class; consider declaring it as static instead.
2024-10-11T11:02:41.533+02:00  INFO 17284 --- [Gym] [main] .w.s.a.s.AnnotationActionEndpointMapping : Supporting [WS-Addressing August 2004, WS-Addressing 1.0]
2024-10-11T11:02:42.091+02:00  INFO 17284 --- [Gym] [main] o.s.b.w.embedded.tomcat.TomcatWebServer  : Tomcat initialized with port 8080 (http)
2024-10-11T11:02:42.105+02:00  INFO 17284 --- [Gym] [main] o.apache.catalina.core.StandardService   : Starting service [Tomcat]
2024-10-11T11:02:42.105+02:00  INFO 17284 --- [Gym] [main] o.apache.catalina.core.StandardEngine    : Starting Servlet engine: [Apache Tomcat/10.1.25]
2024-10-11T11:02:42.185+02:00  INFO 17284 --- [Gym] [main] o.a.c.c.C.[Tomcat].[localhost].[/]       : Initializing Spring embedded WebApplicationContext
2024-10-11T11:02:42.185+02:00  INFO 17284 --- [Gym] [main] w.s.c.ServletWebServerApplicationContext : Root WebApplicationContext: initialization completed in 2338 ms
2024-10-11T11:02:42.564+02:00  INFO 17284 --- [Gym] [main] o.hibernate.jpa.internal.util.LogHelper  : HHH000204: Processing PersistenceUnitInfo [name: default]
2024-10-11T11:02:42.620+02:00  INFO 17284 --- [Gym] [main] org.hibernate.Version                    : HHH000412: Hibernate ORM core version 6.5.2.Final
2024-10-11T11:02:42.647+02:00  INFO 17284 --- [Gym] [main] o.h.c.internal.RegionFactoryInitiator    : HHH000026: Second-level cache disabled
2024-10-11T11:02:42.976+02:00  INFO 17284 --- [Gym] [main] o.s.o.j.p.SpringPersistenceUnitInfo      : No LoadTimeWeaver setup: ignoring JPA class transformer
2024-10-11T11:02:42.999+02:00  INFO 17284 --- [Gym] [main] com.zaxxer.hikari.HikariDataSource       : HikariPool-1 - Starting...
2024-10-11T11:02:43.320+02:00  INFO 17284 --- [Gym] [main] com.zaxxer.hikari.pool.HikariPool        : HikariPool-1 - Added connection com.mysql.cj.jdbc.ConnectionImpl@58f97013
2024-10-11T11:02:43.321+02:00  INFO 17284 --- [Gym] [main] com.zaxxer.hikari.HikariDataSource       : HikariPool-1 - Start completed.
2024-10-11T11:02:44.354+02:00  INFO 17284 --- [Gym] [main] o.h.e.t.j.p.i.JtaPlatformInitiator       : HHH000489: No JTA platform available (set 'hibernate.transaction.jta.platform' to enable JTA platform integration)
2024-10-11T11:02:44.395+02:00  INFO 17284 --- [Gym] [main] j.LocalContainerEntityManagerFactoryBean : Initialized JPA EntityManagerFactory for persistence unit 'default'
2024-10-11T11:02:45.714+02:00  INFO 17284 --- [Gym] [main] o.s.b.a.e.web.EndpointLinksResolver      : Exposing 15 endpoints beneath base path '/actuator'
2024-10-11T11:02:45.805+02:00  INFO 17284 --- [Gym] [main] o.s.b.w.embedded.tomcat.TomcatWebServer  : Tomcat started on port 8080 (http) with context path '/'
2024-10-11T11:02:45.820+02:00  INFO 17284 --- [Gym] [main] com.myProject.demo.GymApplication        : Started GymApplication in 6.667 seconds (process running for 7.98)
2024-10-11T11:02:46.481+02:00  INFO 17284 --- [Gym] [RMI TCP Connection(3)-192.168.1.104] o.a.c.c.C.[Tomcat].[localhost].[/]       : Initializing Spring DispatcherServlet 'dispatcherServlet'
2024-10-11T11:02:46.482+02:00  INFO 17284 --- [Gym] [RMI TCP Connection(3)-192.168.1.104] o.s.web.servlet.DispatcherServlet        : Initializing Servlet 'dispatcherServlet'
2024-10-11T11:02:46.488+02:00  INFO 17284 --- [Gym] [RMI TCP Connection(3)-192.168.1.104] o.s.web.servlet.DispatcherServlet        : Completed initialization in 3 ms
2024-10-11T11:03:01.258+02:00  INFO 17284 --- [Gym] [http-nio-8080-exec-1] c.m.demo.controller.SchedaController     : Received request to fetch all schedas
2024-10-11T11:03:01.258+02:00  INFO 17284 --- [Gym] [http-nio-8080-exec-1] c.myProject.demo.service.SchedaService   : Fetching all schedas
2024-10-11T11:04:32.805+02:00  WARN 17284 --- [Gym] [http-nio-8080-exec-5] .w.s.m.s.DefaultHandlerExceptionResolver : Resolved [org.springframework.web.bind.MethodArgumentNotValidException: Validation failed for argument [1] in public java.util.Optional<com.myProject.demo.model.SchedaModel> com.myProject.demo.controller.SchedaController.updateSchedaById(int,com.myProject.demo.model.SchedaModel): [Field error in object 'schedaModel' on field 'esercizio': rejected value []; codes [Size.schedaModel.esercizio,Size.esercizio,Size.java.lang.String,Size]; arguments [org.springframework.context.support.DefaultMessageSourceResolvable: codes [schedaModel.esercizio,esercizio]; arguments []; default message [esercizio],100,3]; default message [Il nome dell'esercizio deve avere tra 3 e 100 caratteri]] ]
2024-10-11T11:05:09.436+02:00  WARN 17284 --- [Gym] [http-nio-8080-exec-7] .w.s.m.s.DefaultHandlerExceptionResolver : Resolved [org.springframework.web.bind.MethodArgumentNotValidException: Validation failed for argument [1] in public java.util.Optional<com.myProject.demo.model.SchedaModel> com.myProject.demo.controller.SchedaController.updateSchedaById(int,com.myProject.demo.model.SchedaModel): [Field error in object 'schedaModel' on field 'esercizio': rejected value [null]; codes [NotNull.schedaModel.esercizio,NotNull.esercizio,NotNull.java.lang.String,NotNull]; arguments [org.springframework.context.support.DefaultMessageSourceResolvable: codes [schedaModel.esercizio,esercizio]; arguments []; default message [esercizio]]; default message [L'esercizio non può essere nullo]] ]
2024-10-11T11:11:51.382+02:00  WARN 17284 --- [Gym] [http-nio-8080-exec-2] .w.s.m.s.DefaultHandlerExceptionResolver : Resolved [org.springframework.web.bind.MethodArgumentNotValidException: Validation failed for argument [0] in public com.myProject.demo.model.SchedaModel com.myProject.demo.controller.SchedaController.insertScheda(com.myProject.demo.model.SchedaModel): [Field error in object 'schedaModel' on field 'esercizio': rejected value [null]; codes [NotNull.schedaModel.esercizio,NotNull.esercizio,NotNull.java.lang.String,NotNull]; arguments [org.springframework.context.support.DefaultMessageSourceResolvable: codes [schedaModel.esercizio,esercizio]; arguments []; default message [esercizio]]; default message [L'esercizio non può essere nullo]] ]
2024-10-11T11:16:37.431+02:00  INFO 9348 --- [Gym] [main] com.myProject.demo.GymApplicationTests   : Starting GymApplicationTests using Java 22.0.1 with PID 9348 (started by TSI USER in C:\Users\TSI USER\Documents\GitHub\Gym-BE)
2024-10-11T11:16:37.434+02:00  INFO 9348 --- [Gym] [main] com.myProject.demo.GymApplicationTests   : No active profile set, falling back to 1 default profile: "default"
2024-10-11T11:16:39.011+02:00  INFO 9348 --- [Gym] [main] .s.d.r.c.RepositoryConfigurationDelegate : Multiple Spring Data modules found, entering strict repository configuration mode
2024-10-11T11:16:39.012+02:00  INFO 9348 --- [Gym] [main] .s.d.r.c.RepositoryConfigurationDelegate : Bootstrapping Spring Data JDBC repositories in DEFAULT mode.
2024-10-11T11:16:39.041+02:00  INFO 9348 --- [Gym] [main] .RepositoryConfigurationExtensionSupport : Spring Data JDBC - Could not safely identify store assignment for repository candidate interface com.myProject.demo.repository.SchedaRepository; If you want this repository to be a JDBC repository, consider annotating your entities with one of these annotations: org.springframework.data.relational.core.mapping.Table.
2024-10-11T11:16:39.044+02:00  INFO 9348 --- [Gym] [main] .RepositoryConfigurationExtensionSupport : Spring Data JDBC - Could not safely identify store assignment for repository candidate interface com.myProject.demo.repository.UserRepository; If you want this repository to be a JDBC repository, consider annotating your entities with one of these annotations: org.springframework.data.relational.core.mapping.Table.
2024-10-11T11:16:39.044+02:00  INFO 9348 --- [Gym] [main] .s.d.r.c.RepositoryConfigurationDelegate : Finished Spring Data repository scanning in 27 ms. Found 0 JDBC repository interfaces.
2024-10-11T11:16:39.060+02:00  INFO 9348 --- [Gym] [main] .s.d.r.c.RepositoryConfigurationDelegate : Multiple Spring Data modules found, entering strict repository configuration mode
2024-10-11T11:16:39.062+02:00  INFO 9348 --- [Gym] [main] .s.d.r.c.RepositoryConfigurationDelegate : Bootstrapping Spring Data JPA repositories in DEFAULT mode.
2024-10-11T11:16:39.109+02:00  INFO 9348 --- [Gym] [main] .s.d.r.c.RepositoryConfigurationDelegate : Finished Spring Data repository scanning in 41 ms. Found 2 JPA repository interfaces.
2024-10-11T11:16:39.607+02:00  WARN 9348 --- [Gym] [main] trationDelegate$BeanPostProcessorChecker : Bean 'org.springframework.ws.config.annotation.DelegatingWsConfiguration' of type [org.springframework.ws.config.annotation.DelegatingWsConfiguration$$SpringCGLIB$$0] is not eligible for getting processed by all BeanPostProcessors (for example: not eligible for auto-proxying). The currently created BeanPostProcessor [annotationActionEndpointMapping] is declared through a non-static factory method on that class; consider declaring it as static instead.
2024-10-11T11:16:39.644+02:00  INFO 9348 --- [Gym] [main] .w.s.a.s.AnnotationActionEndpointMapping : Supporting [WS-Addressing August 2004, WS-Addressing 1.0]
2024-10-11T11:16:40.257+02:00  INFO 9348 --- [Gym] [main] o.hibernate.jpa.internal.util.LogHelper  : HHH000204: Processing PersistenceUnitInfo [name: default]
2024-10-11T11:16:40.366+02:00  INFO 9348 --- [Gym] [main] org.hibernate.Version                    : HHH000412: Hibernate ORM core version 6.5.2.Final
2024-10-11T11:16:40.423+02:00  INFO 9348 --- [Gym] [main] o.h.c.internal.RegionFactoryInitiator    : HHH000026: Second-level cache disabled
2024-10-11T11:16:40.942+02:00  INFO 9348 --- [Gym] [main] o.s.o.j.p.SpringPersistenceUnitInfo      : No LoadTimeWeaver setup: ignoring JPA class transformer
2024-10-11T11:16:40.981+02:00  INFO 9348 --- [Gym] [main] com.zaxxer.hikari.HikariDataSource       : HikariPool-1 - Starting...
2024-10-11T11:16:41.402+02:00  INFO 9348 --- [Gym] [main] com.zaxxer.hikari.pool.HikariPool        : HikariPool-1 - Added connection com.mysql.cj.jdbc.ConnectionImpl@75d7297d
2024-10-11T11:16:41.407+02:00  INFO 9348 --- [Gym] [main] com.zaxxer.hikari.HikariDataSource       : HikariPool-1 - Start completed.
2024-10-11T11:16:42.589+02:00  INFO 9348 --- [Gym] [main] o.h.e.t.j.p.i.JtaPlatformInitiator       : HHH000489: No JTA platform available (set 'hibernate.transaction.jta.platform' to enable JTA platform integration)
2024-10-11T11:16:42.644+02:00  INFO 9348 --- [Gym] [main] j.LocalContainerEntityManagerFactoryBean : Initialized JPA EntityManagerFactory for persistence unit 'default'
2024-10-11T11:16:45.112+02:00  INFO 9348 --- [Gym] [main] o.s.b.a.e.web.EndpointLinksResolver      : Exposing 15 endpoints beneath base path '/actuator'
2024-10-11T11:16:45.253+02:00  INFO 9348 --- [Gym] [main] com.myProject.demo.GymApplicationTests   : Started GymApplicationTests in 8.417 seconds (process running for 9.824)
2024-10-11T11:16:46.188+02:00  INFO 9348 --- [Gym] [SpringApplicationShutdownHook] j.LocalContainerEntityManagerFactoryBean : Closing JPA EntityManagerFactory for persistence unit 'default'
2024-10-11T11:16:46.195+02:00  INFO 9348 --- [Gym] [SpringApplicationShutdownHook] com.zaxxer.hikari.HikariDataSource       : HikariPool-1 - Shutdown initiated...
2024-10-11T11:16:46.214+02:00  INFO 9348 --- [Gym] [SpringApplicationShutdownHook] com.zaxxer.hikari.HikariDataSource       : HikariPool-1 - Shutdown completed.
2024-10-11T11:17:41.492+02:00  INFO 17284 --- [Gym] [SpringApplicationShutdownHook] j.LocalContainerEntityManagerFactoryBean : Closing JPA EntityManagerFactory for persistence unit 'default'
2024-10-11T11:17:41.496+02:00  INFO 17284 --- [Gym] [SpringApplicationShutdownHook] com.zaxxer.hikari.HikariDataSource       : HikariPool-1 - Shutdown initiated...
2024-10-11T11:17:41.506+02:00  INFO 17284 --- [Gym] [SpringApplicationShutdownHook] com.zaxxer.hikari.HikariDataSource       : HikariPool-1 - Shutdown completed.
2024-10-11T11:17:46.019+02:00  INFO 16200 --- [Gym] [main] com.myProject.demo.GymApplication        : Starting GymApplication using Java 22.0.1 with PID 16200 (C:\Users\TSI USER\Documents\GitHub\Gym-BE\target\classes started by TSI USER in C:\Users\TSI USER\Documents\GitHub\Gym-BE)
2024-10-11T11:17:46.023+02:00  INFO 16200 --- [Gym] [main] com.myProject.demo.GymApplication        : No active profile set, falling back to 1 default profile: "default"
2024-10-11T11:17:47.055+02:00  INFO 16200 --- [Gym] [main] .s.d.r.c.RepositoryConfigurationDelegate : Multiple Spring Data modules found, entering strict repository configuration mode
2024-10-11T11:17:47.057+02:00  INFO 16200 --- [Gym] [main] .s.d.r.c.RepositoryConfigurationDelegate : Bootstrapping Spring Data JDBC repositories in DEFAULT mode.
2024-10-11T11:17:47.090+02:00  INFO 16200 --- [Gym] [main] .RepositoryConfigurationExtensionSupport : Spring Data JDBC - Could not safely identify store assignment for repository candidate interface com.myProject.demo.repository.SchedaRepository; If you want this repository to be a JDBC repository, consider annotating your entities with one of these annotations: org.springframework.data.relational.core.mapping.Table.
2024-10-11T11:17:47.092+02:00  INFO 16200 --- [Gym] [main] .RepositoryConfigurationExtensionSupport : Spring Data JDBC - Could not safely identify store assignment for repository candidate interface com.myProject.demo.repository.UserRepository; If you want this repository to be a JDBC repository, consider annotating your entities with one of these annotations: org.springframework.data.relational.core.mapping.Table.
2024-10-11T11:17:47.093+02:00  INFO 16200 --- [Gym] [main] .s.d.r.c.RepositoryConfigurationDelegate : Finished Spring Data repository scanning in 32 ms. Found 0 JDBC repository interfaces.
2024-10-11T11:17:47.102+02:00  INFO 16200 --- [Gym] [main] .s.d.r.c.RepositoryConfigurationDelegate : Multiple Spring Data modules found, entering strict repository configuration mode
2024-10-11T11:17:47.103+02:00  INFO 16200 --- [Gym] [main] .s.d.r.c.RepositoryConfigurationDelegate : Bootstrapping Spring Data JPA repositories in DEFAULT mode.
2024-10-11T11:17:47.136+02:00  INFO 16200 --- [Gym] [main] .s.d.r.c.RepositoryConfigurationDelegate : Finished Spring Data repository scanning in 30 ms. Found 2 JPA repository interfaces.
2024-10-11T11:17:47.451+02:00  WARN 16200 --- [Gym] [main] trationDelegate$BeanPostProcessorChecker : Bean 'org.springframework.ws.config.annotation.DelegatingWsConfiguration' of type [org.springframework.ws.config.annotation.DelegatingWsConfiguration$$SpringCGLIB$$0] is not eligible for getting processed by all BeanPostProcessors (for example: not eligible for auto-proxying). The currently created BeanPostProcessor [annotationActionEndpointMapping] is declared through a non-static factory method on that class; consider declaring it as static instead.
2024-10-11T11:17:47.472+02:00  INFO 16200 --- [Gym] [main] .w.s.a.s.AnnotationActionEndpointMapping : Supporting [WS-Addressing August 2004, WS-Addressing 1.0]
2024-10-11T11:17:47.939+02:00  INFO 16200 --- [Gym] [main] o.s.b.w.embedded.tomcat.TomcatWebServer  : Tomcat initialized with port 8080 (http)
2024-10-11T11:17:47.957+02:00  INFO 16200 --- [Gym] [main] o.apache.catalina.core.StandardService   : Starting service [Tomcat]
2024-10-11T11:17:47.957+02:00  INFO 16200 --- [Gym] [main] o.apache.catalina.core.StandardEngine    : Starting Servlet engine: [Apache Tomcat/10.1.25]
2024-10-11T11:17:48.082+02:00  INFO 16200 --- [Gym] [main] o.a.c.c.C.[Tomcat].[localhost].[/]       : Initializing Spring embedded WebApplicationContext
2024-10-11T11:17:48.083+02:00  INFO 16200 --- [Gym] [main] w.s.c.ServletWebServerApplicationContext : Root WebApplicationContext: initialization completed in 1997 ms
2024-10-11T11:17:48.421+02:00  INFO 16200 --- [Gym] [main] o.hibernate.jpa.internal.util.LogHelper  : HHH000204: Processing PersistenceUnitInfo [name: default]
2024-10-11T11:17:48.470+02:00  INFO 16200 --- [Gym] [main] org.hibernate.Version                    : HHH000412: Hibernate ORM core version 6.5.2.Final
2024-10-11T11:17:48.496+02:00  INFO 16200 --- [Gym] [main] o.h.c.internal.RegionFactoryInitiator    : HHH000026: Second-level cache disabled
2024-10-11T11:17:48.775+02:00  INFO 16200 --- [Gym] [main] o.s.o.j.p.SpringPersistenceUnitInfo      : No LoadTimeWeaver setup: ignoring JPA class transformer
2024-10-11T11:17:48.797+02:00  INFO 16200 --- [Gym] [main] com.zaxxer.hikari.HikariDataSource       : HikariPool-1 - Starting...
2024-10-11T11:17:49.154+02:00  INFO 16200 --- [Gym] [main] com.zaxxer.hikari.pool.HikariPool        : HikariPool-1 - Added connection com.mysql.cj.jdbc.ConnectionImpl@2f60e66a
2024-10-11T11:17:49.156+02:00  INFO 16200 --- [Gym] [main] com.zaxxer.hikari.HikariDataSource       : HikariPool-1 - Start completed.
2024-10-11T11:17:50.170+02:00  INFO 16200 --- [Gym] [main] o.h.e.t.j.p.i.JtaPlatformInitiator       : HHH000489: No JTA platform available (set 'hibernate.transaction.jta.platform' to enable JTA platform integration)
2024-10-11T11:17:50.214+02:00  INFO 16200 --- [Gym] [main] j.LocalContainerEntityManagerFactoryBean : Initialized JPA EntityManagerFactory for persistence unit 'default'
2024-10-11T11:17:51.508+02:00  INFO 16200 --- [Gym] [main] o.s.b.a.e.web.EndpointLinksResolver      : Exposing 15 endpoints beneath base path '/actuator'
2024-10-11T11:17:51.619+02:00  INFO 16200 --- [Gym] [main] o.s.b.w.embedded.tomcat.TomcatWebServer  : Tomcat started on port 8080 (http) with context path '/'
2024-10-11T11:17:51.631+02:00  INFO 16200 --- [Gym] [main] com.myProject.demo.GymApplication        : Started GymApplication in 6.124 seconds (process running for 7.065)
2024-10-11T11:17:52.086+02:00  INFO 16200 --- [Gym] [RMI TCP Connection(3)-192.168.1.104] o.a.c.c.C.[Tomcat].[localhost].[/]       : Initializing Spring DispatcherServlet 'dispatcherServlet'
2024-10-11T11:17:52.087+02:00  INFO 16200 --- [Gym] [RMI TCP Connection(3)-192.168.1.104] o.s.web.servlet.DispatcherServlet        : Initializing Servlet 'dispatcherServlet'
2024-10-11T11:17:52.091+02:00  INFO 16200 --- [Gym] [RMI TCP Connection(3)-192.168.1.104] o.s.web.servlet.DispatcherServlet        : Completed initialization in 4 ms
2024-10-11T11:18:04.145+02:00  INFO 16200 --- [Gym] [http-nio-8080-exec-1] c.m.demo.controller.SchedaController     : Received request to fetch all schedas
2024-10-11T11:18:04.145+02:00  INFO 16200 --- [Gym] [http-nio-8080-exec-1] c.myProject.demo.service.SchedaService   : Fetching all schedas
2024-10-11T11:18:25.779+02:00  WARN 16200 --- [Gym] [http-nio-8080-exec-3] .w.s.m.s.DefaultHandlerExceptionResolver : Resolved [org.springframework.web.bind.MethodArgumentNotValidException: Validation failed for argument [0] in public com.myProject.demo.model.SchedaModel com.myProject.demo.controller.SchedaController.insertScheda(com.myProject.demo.model.SchedaModel): [Field error in object 'schedaModel' on field 'esercizio': rejected value [null]; codes [NotNull.schedaModel.esercizio,NotNull.esercizio,NotNull.java.lang.String,NotNull]; arguments [org.springframework.context.support.DefaultMessageSourceResolvable: codes [schedaModel.esercizio,esercizio]; arguments []; default message [esercizio]]; default message [L'esercizio non può essere nullo]] ]
2024-10-11T11:19:10.572+02:00  INFO 16200 --- [Gym] [SpringApplicationShutdownHook] j.LocalContainerEntityManagerFactoryBean : Closing JPA EntityManagerFactory for persistence unit 'default'
2024-10-11T11:19:10.585+02:00  INFO 16200 --- [Gym] [SpringApplicationShutdownHook] com.zaxxer.hikari.HikariDataSource       : HikariPool-1 - Shutdown initiated...
2024-10-11T11:19:10.616+02:00  INFO 16200 --- [Gym] [SpringApplicationShutdownHook] com.zaxxer.hikari.HikariDataSource       : HikariPool-1 - Shutdown completed.
2024-10-11T11:20:00.599+02:00  INFO 3632 --- [Gym] [main] com.myProject.demo.GymApplication        : Starting GymApplication using Java 22.0.1 with PID 3632 (C:\Users\TSI USER\Documents\GitHub\Gym-BE\target\classes started by TSI USER in C:\Users\TSI USER\Documents\GitHub\Gym-BE)
2024-10-11T11:20:00.603+02:00  INFO 3632 --- [Gym] [main] com.myProject.demo.GymApplication        : No active profile set, falling back to 1 default profile: "default"
2024-10-11T11:20:01.918+02:00  INFO 3632 --- [Gym] [main] .s.d.r.c.RepositoryConfigurationDelegate : Multiple Spring Data modules found, entering strict repository configuration mode
2024-10-11T11:20:01.920+02:00  INFO 3632 --- [Gym] [main] .s.d.r.c.RepositoryConfigurationDelegate : Bootstrapping Spring Data JDBC repositories in DEFAULT mode.
2024-10-11T11:20:01.951+02:00  INFO 3632 --- [Gym] [main] .RepositoryConfigurationExtensionSupport : Spring Data JDBC - Could not safely identify store assignment for repository candidate interface com.myProject.demo.repository.SchedaRepository; If you want this repository to be a JDBC repository, consider annotating your entities with one of these annotations: org.springframework.data.relational.core.mapping.Table.
2024-10-11T11:20:01.954+02:00  INFO 3632 --- [Gym] [main] .RepositoryConfigurationExtensionSupport : Spring Data JDBC - Could not safely identify store assignment for repository candidate interface com.myProject.demo.repository.UserRepository; If you want this repository to be a JDBC repository, consider annotating your entities with one of these annotations: org.springframework.data.relational.core.mapping.Table.
2024-10-11T11:20:01.955+02:00  INFO 3632 --- [Gym] [main] .s.d.r.c.RepositoryConfigurationDelegate : Finished Spring Data repository scanning in 29 ms. Found 0 JDBC repository interfaces.
2024-10-11T11:20:01.963+02:00  INFO 3632 --- [Gym] [main] .s.d.r.c.RepositoryConfigurationDelegate : Multiple Spring Data modules found, entering strict repository configuration mode
2024-10-11T11:20:01.964+02:00  INFO 3632 --- [Gym] [main] .s.d.r.c.RepositoryConfigurationDelegate : Bootstrapping Spring Data JPA repositories in DEFAULT mode.
2024-10-11T11:20:01.993+02:00  INFO 3632 --- [Gym] [main] .s.d.r.c.RepositoryConfigurationDelegate : Finished Spring Data repository scanning in 25 ms. Found 2 JPA repository interfaces.
2024-10-11T11:20:02.332+02:00  WARN 3632 --- [Gym] [main] trationDelegate$BeanPostProcessorChecker : Bean 'org.springframework.ws.config.annotation.DelegatingWsConfiguration' of type [org.springframework.ws.config.annotation.DelegatingWsConfiguration$$SpringCGLIB$$0] is not eligible for getting processed by all BeanPostProcessors (for example: not eligible for auto-proxying). The currently created BeanPostProcessor [annotationActionEndpointMapping] is declared through a non-static factory method on that class; consider declaring it as static instead.
2024-10-11T11:20:02.358+02:00  INFO 3632 --- [Gym] [main] .w.s.a.s.AnnotationActionEndpointMapping : Supporting [WS-Addressing August 2004, WS-Addressing 1.0]
2024-10-11T11:20:02.897+02:00  INFO 3632 --- [Gym] [main] o.s.b.w.embedded.tomcat.TomcatWebServer  : Tomcat initialized with port 8080 (http)
2024-10-11T11:20:02.912+02:00  INFO 3632 --- [Gym] [main] o.apache.catalina.core.StandardService   : Starting service [Tomcat]
2024-10-11T11:20:02.913+02:00  INFO 3632 --- [Gym] [main] o.apache.catalina.core.StandardEngine    : Starting Servlet engine: [Apache Tomcat/10.1.25]
2024-10-11T11:20:03.002+02:00  INFO 3632 --- [Gym] [main] o.a.c.c.C.[Tomcat].[localhost].[/]       : Initializing Spring embedded WebApplicationContext
2024-10-11T11:20:03.002+02:00  INFO 3632 --- [Gym] [main] w.s.c.ServletWebServerApplicationContext : Root WebApplicationContext: initialization completed in 2264 ms
2024-10-11T11:20:03.369+02:00  INFO 3632 --- [Gym] [main] o.hibernate.jpa.internal.util.LogHelper  : HHH000204: Processing PersistenceUnitInfo [name: default]
2024-10-11T11:20:03.429+02:00  INFO 3632 --- [Gym] [main] org.hibernate.Version                    : HHH000412: Hibernate ORM core version 6.5.2.Final
2024-10-11T11:20:03.462+02:00  INFO 3632 --- [Gym] [main] o.h.c.internal.RegionFactoryInitiator    : HHH000026: Second-level cache disabled
2024-10-11T11:20:03.751+02:00  INFO 3632 --- [Gym] [main] o.s.o.j.p.SpringPersistenceUnitInfo      : No LoadTimeWeaver setup: ignoring JPA class transformer
2024-10-11T11:20:03.774+02:00  INFO 3632 --- [Gym] [main] com.zaxxer.hikari.HikariDataSource       : HikariPool-1 - Starting...
2024-10-11T11:20:04.109+02:00  INFO 3632 --- [Gym] [main] com.zaxxer.hikari.pool.HikariPool        : HikariPool-1 - Added connection com.mysql.cj.jdbc.ConnectionImpl@6c19769c
2024-10-11T11:20:04.111+02:00  INFO 3632 --- [Gym] [main] com.zaxxer.hikari.HikariDataSource       : HikariPool-1 - Start completed.
2024-10-11T11:20:05.088+02:00  INFO 3632 --- [Gym] [main] o.h.e.t.j.p.i.JtaPlatformInitiator       : HHH000489: No JTA platform available (set 'hibernate.transaction.jta.platform' to enable JTA platform integration)
2024-10-11T11:20:05.135+02:00  INFO 3632 --- [Gym] [main] j.LocalContainerEntityManagerFactoryBean : Initialized JPA EntityManagerFactory for persistence unit 'default'
2024-10-11T11:20:06.484+02:00  INFO 3632 --- [Gym] [main] o.s.b.a.e.web.EndpointLinksResolver      : Exposing 15 endpoints beneath base path '/actuator'
2024-10-11T11:20:06.572+02:00  INFO 3632 --- [Gym] [main] o.s.b.w.embedded.tomcat.TomcatWebServer  : Tomcat started on port 8080 (http) with context path '/'
2024-10-11T11:20:06.586+02:00  INFO 3632 --- [Gym] [main] com.myProject.demo.GymApplication        : Started GymApplication in 6.872 seconds (process running for 8.175)
2024-10-11T11:20:07.327+02:00  INFO 3632 --- [Gym] [RMI TCP Connection(2)-192.168.1.104] o.a.c.c.C.[Tomcat].[localhost].[/]       : Initializing Spring DispatcherServlet 'dispatcherServlet'
2024-10-11T11:20:07.360+02:00  INFO 3632 --- [Gym] [RMI TCP Connection(2)-192.168.1.104] o.s.web.servlet.DispatcherServlet        : Initializing Servlet 'dispatcherServlet'
2024-10-11T11:20:07.367+02:00  INFO 3632 --- [Gym] [RMI TCP Connection(2)-192.168.1.104] o.s.web.servlet.DispatcherServlet        : Completed initialization in 5 ms
2024-10-11T11:20:15.380+02:00  INFO 3632 --- [Gym] [http-nio-8080-exec-1] c.m.demo.controller.SchedaController     : Received request to fetch all schedas
2024-10-11T11:20:15.380+02:00  INFO 3632 --- [Gym] [http-nio-8080-exec-1] c.myProject.demo.service.SchedaService   : Fetching all schedas
2024-10-11T11:20:45.969+02:00  WARN 3632 --- [Gym] [http-nio-8080-exec-4] .w.s.m.s.DefaultHandlerExceptionResolver : Resolved [org.springframework.web.bind.MethodArgumentNotValidException: Validation failed for argument [0] in public com.myProject.demo.model.SchedaModel com.myProject.demo.controller.SchedaController.insertScheda(com.myProject.demo.model.SchedaModel): [Field error in object 'schedaModel' on field 'data_creazione': rejected value [null]; codes [NotNull.schedaModel.data_creazione,NotNull.data_creazione,NotNull.java.util.Date,NotNull]; arguments [org.springframework.context.support.DefaultMessageSourceResolvable: codes [schedaModel.data_creazione,data_creazione]; arguments []; default message [data_creazione]]; default message [La data di creazione non può essere nulla]] ]
2024-10-11T11:21:39.981+02:00  INFO 3632 --- [Gym] [http-nio-8080-exec-9] c.m.demo.controller.SchedaController     : Received request to fetch all schedas
2024-10-11T11:21:39.982+02:00  INFO 3632 --- [Gym] [http-nio-8080-exec-9] c.myProject.demo.service.SchedaService   : Fetching all schedas
2024-10-11T11:22:02.079+02:00  WARN 3632 --- [Gym] [http-nio-8080-exec-6] .w.s.m.s.DefaultHandlerExceptionResolver : Resolved [org.springframework.web.bind.MethodArgumentNotValidException: Validation failed for argument [0] in public com.myProject.demo.model.SchedaModel com.myProject.demo.controller.SchedaController.insertScheda(com.myProject.demo.model.SchedaModel): [Field error in object 'schedaModel' on field 'esercizio': rejected value []; codes [Size.schedaModel.esercizio,Size.esercizio,Size.java.lang.String,Size]; arguments [org.springframework.context.support.DefaultMessageSourceResolvable: codes [schedaModel.esercizio,esercizio]; arguments []; default message [esercizio],100,3]; default message [Il nome dell'esercizio deve avere tra 3 e 100 caratteri]] ]
2024-10-11T11:27:21.094+02:00  INFO 16156 --- [Gym] [main] com.myProject.demo.GymApplicationTests   : Starting GymApplicationTests using Java 22.0.1 with PID 16156 (started by TSI USER in C:\Users\TSI USER\Documents\GitHub\Gym-BE)
2024-10-11T11:27:21.094+02:00  INFO 16156 --- [Gym] [main] com.myProject.demo.GymApplicationTests   : No active profile set, falling back to 1 default profile: "default"
2024-10-11T11:27:22.741+02:00  INFO 16156 --- [Gym] [main] .s.d.r.c.RepositoryConfigurationDelegate : Multiple Spring Data modules found, entering strict repository configuration mode
2024-10-11T11:27:22.741+02:00  INFO 16156 --- [Gym] [main] .s.d.r.c.RepositoryConfigurationDelegate : Bootstrapping Spring Data JDBC repositories in DEFAULT mode.
2024-10-11T11:27:22.782+02:00  INFO 16156 --- [Gym] [main] .RepositoryConfigurationExtensionSupport : Spring Data JDBC - Could not safely identify store assignment for repository candidate interface com.myProject.demo.repository.SchedaRepository; If you want this repository to be a JDBC repository, consider annotating your entities with one of these annotations: org.springframework.data.relational.core.mapping.Table.
2024-10-11T11:27:22.782+02:00  INFO 16156 --- [Gym] [main] .RepositoryConfigurationExtensionSupport : Spring Data JDBC - Could not safely identify store assignment for repository candidate interface com.myProject.demo.repository.UserRepository; If you want this repository to be a JDBC repository, consider annotating your entities with one of these annotations: org.springframework.data.relational.core.mapping.Table.
2024-10-11T11:27:22.782+02:00  INFO 16156 --- [Gym] [main] .s.d.r.c.RepositoryConfigurationDelegate : Finished Spring Data repository scanning in 38 ms. Found 0 JDBC repository interfaces.
2024-10-11T11:27:22.798+02:00  INFO 16156 --- [Gym] [main] .s.d.r.c.RepositoryConfigurationDelegate : Multiple Spring Data modules found, entering strict repository configuration mode
2024-10-11T11:27:22.798+02:00  INFO 16156 --- [Gym] [main] .s.d.r.c.RepositoryConfigurationDelegate : Bootstrapping Spring Data JPA repositories in DEFAULT mode.
2024-10-11T11:27:22.832+02:00  INFO 16156 --- [Gym] [main] .s.d.r.c.RepositoryConfigurationDelegate : Finished Spring Data repository scanning in 32 ms. Found 2 JPA repository interfaces.
2024-10-11T11:27:23.347+02:00  WARN 16156 --- [Gym] [main] trationDelegate$BeanPostProcessorChecker : Bean 'org.springframework.ws.config.annotation.DelegatingWsConfiguration' of type [org.springframework.ws.config.annotation.DelegatingWsConfiguration$$SpringCGLIB$$0] is not eligible for getting processed by all BeanPostProcessors (for example: not eligible for auto-proxying). The currently created BeanPostProcessor [annotationActionEndpointMapping] is declared through a non-static factory method on that class; consider declaring it as static instead.
2024-10-11T11:27:23.379+02:00  INFO 16156 --- [Gym] [main] .w.s.a.s.AnnotationActionEndpointMapping : Supporting [WS-Addressing August 2004, WS-Addressing 1.0]
2024-10-11T11:27:24.085+02:00  INFO 16156 --- [Gym] [main] o.hibernate.jpa.internal.util.LogHelper  : HHH000204: Processing PersistenceUnitInfo [name: default]
2024-10-11T11:27:24.176+02:00  INFO 16156 --- [Gym] [main] org.hibernate.Version                    : HHH000412: Hibernate ORM core version 6.5.2.Final
2024-10-11T11:27:24.243+02:00  INFO 16156 --- [Gym] [main] o.h.c.internal.RegionFactoryInitiator    : HHH000026: Second-level cache disabled
2024-10-11T11:27:24.972+02:00  INFO 16156 --- [Gym] [main] o.s.o.j.p.SpringPersistenceUnitInfo      : No LoadTimeWeaver setup: ignoring JPA class transformer
2024-10-11T11:27:25.061+02:00  INFO 16156 --- [Gym] [main] com.zaxxer.hikari.HikariDataSource       : HikariPool-1 - Starting...
2024-10-11T11:27:25.720+02:00  INFO 16156 --- [Gym] [main] com.zaxxer.hikari.pool.HikariPool        : HikariPool-1 - Added connection com.mysql.cj.jdbc.ConnectionImpl@3d8bd881
2024-10-11T11:27:25.722+02:00  INFO 16156 --- [Gym] [main] com.zaxxer.hikari.HikariDataSource       : HikariPool-1 - Start completed.
2024-10-11T11:27:26.932+02:00  INFO 16156 --- [Gym] [main] o.h.e.t.j.p.i.JtaPlatformInitiator       : HHH000489: No JTA platform available (set 'hibernate.transaction.jta.platform' to enable JTA platform integration)
2024-10-11T11:27:26.989+02:00  INFO 16156 --- [Gym] [main] j.LocalContainerEntityManagerFactoryBean : Initialized JPA EntityManagerFactory for persistence unit 'default'
2024-10-11T11:27:32.631+02:00  INFO 16156 --- [Gym] [main] o.s.b.a.e.web.EndpointLinksResolver      : Exposing 15 endpoints beneath base path '/actuator'
2024-10-11T11:27:32.983+02:00  INFO 16156 --- [Gym] [main] com.myProject.demo.GymApplicationTests   : Started GymApplicationTests in 12.46 seconds (process running for 13.799)
2024-10-11T11:27:34.782+02:00  INFO 16156 --- [Gym] [SpringApplicationShutdownHook] j.LocalContainerEntityManagerFactoryBean : Closing JPA EntityManagerFactory for persistence unit 'default'
2024-10-11T11:27:34.798+02:00  INFO 16156 --- [Gym] [SpringApplicationShutdownHook] com.zaxxer.hikari.HikariDataSource       : HikariPool-1 - Shutdown initiated...
2024-10-11T11:27:34.839+02:00  INFO 16156 --- [Gym] [SpringApplicationShutdownHook] com.zaxxer.hikari.HikariDataSource       : HikariPool-1 - Shutdown completed.
2024-10-11T11:28:08.038+02:00  INFO 3632 --- [Gym] [SpringApplicationShutdownHook] j.LocalContainerEntityManagerFactoryBean : Closing JPA EntityManagerFactory for persistence unit 'default'
2024-10-11T11:28:08.047+02:00  INFO 3632 --- [Gym] [SpringApplicationShutdownHook] com.zaxxer.hikari.HikariDataSource       : HikariPool-1 - Shutdown initiated...
2024-10-11T11:28:08.071+02:00  INFO 3632 --- [Gym] [SpringApplicationShutdownHook] com.zaxxer.hikari.HikariDataSource       : HikariPool-1 - Shutdown completed.
2024-10-11T11:28:14.391+02:00  INFO 15904 --- [Gym] [main] com.myProject.demo.GymApplication        : Starting GymApplication using Java 22.0.1 with PID 15904 (C:\Users\TSI USER\Documents\GitHub\Gym-BE\target\classes started by TSI USER in C:\Users\TSI USER\Documents\GitHub\Gym-BE)
2024-10-11T11:28:14.394+02:00  INFO 15904 --- [Gym] [main] com.myProject.demo.GymApplication        : No active profile set, falling back to 1 default profile: "default"
2024-10-11T11:28:15.516+02:00  INFO 15904 --- [Gym] [main] .s.d.r.c.RepositoryConfigurationDelegate : Multiple Spring Data modules found, entering strict repository configuration mode
2024-10-11T11:28:15.517+02:00  INFO 15904 --- [Gym] [main] .s.d.r.c.RepositoryConfigurationDelegate : Bootstrapping Spring Data JDBC repositories in DEFAULT mode.
2024-10-11T11:28:15.547+02:00  INFO 15904 --- [Gym] [main] .RepositoryConfigurationExtensionSupport : Spring Data JDBC - Could not safely identify store assignment for repository candidate interface com.myProject.demo.repository.SchedaRepository; If you want this repository to be a JDBC repository, consider annotating your entities with one of these annotations: org.springframework.data.relational.core.mapping.Table.
2024-10-11T11:28:15.550+02:00  INFO 15904 --- [Gym] [main] .RepositoryConfigurationExtensionSupport : Spring Data JDBC - Could not safely identify store assignment for repository candidate interface com.myProject.demo.repository.UserRepository; If you want this repository to be a JDBC repository, consider annotating your entities with one of these annotations: org.springframework.data.relational.core.mapping.Table.
2024-10-11T11:28:15.551+02:00  INFO 15904 --- [Gym] [main] .s.d.r.c.RepositoryConfigurationDelegate : Finished Spring Data repository scanning in 30 ms. Found 0 JDBC repository interfaces.
2024-10-11T11:28:15.559+02:00  INFO 15904 --- [Gym] [main] .s.d.r.c.RepositoryConfigurationDelegate : Multiple Spring Data modules found, entering strict repository configuration mode
2024-10-11T11:28:15.560+02:00  INFO 15904 --- [Gym] [main] .s.d.r.c.RepositoryConfigurationDelegate : Bootstrapping Spring Data JPA repositories in DEFAULT mode.
2024-10-11T11:28:15.610+02:00  INFO 15904 --- [Gym] [main] .s.d.r.c.RepositoryConfigurationDelegate : Finished Spring Data repository scanning in 46 ms. Found 2 JPA repository interfaces.
2024-10-11T11:28:15.977+02:00  WARN 15904 --- [Gym] [main] trationDelegate$BeanPostProcessorChecker : Bean 'org.springframework.ws.config.annotation.DelegatingWsConfiguration' of type [org.springframework.ws.config.annotation.DelegatingWsConfiguration$$SpringCGLIB$$0] is not eligible for getting processed by all BeanPostProcessors (for example: not eligible for auto-proxying). The currently created BeanPostProcessor [annotationActionEndpointMapping] is declared through a non-static factory method on that class; consider declaring it as static instead.
2024-10-11T11:28:16.004+02:00  INFO 15904 --- [Gym] [main] .w.s.a.s.AnnotationActionEndpointMapping : Supporting [WS-Addressing August 2004, WS-Addressing 1.0]
2024-10-11T11:28:16.514+02:00  INFO 15904 --- [Gym] [main] o.s.b.w.embedded.tomcat.TomcatWebServer  : Tomcat initialized with port 8080 (http)
2024-10-11T11:28:16.529+02:00  INFO 15904 --- [Gym] [main] o.apache.catalina.core.StandardService   : Starting service [Tomcat]
2024-10-11T11:28:16.530+02:00  INFO 15904 --- [Gym] [main] o.apache.catalina.core.StandardEngine    : Starting Servlet engine: [Apache Tomcat/10.1.25]
2024-10-11T11:28:16.619+02:00  INFO 15904 --- [Gym] [main] o.a.c.c.C.[Tomcat].[localhost].[/]       : Initializing Spring embedded WebApplicationContext
2024-10-11T11:28:16.620+02:00  INFO 15904 --- [Gym] [main] w.s.c.ServletWebServerApplicationContext : Root WebApplicationContext: initialization completed in 2164 ms
2024-10-11T11:28:16.978+02:00  INFO 15904 --- [Gym] [main] o.hibernate.jpa.internal.util.LogHelper  : HHH000204: Processing PersistenceUnitInfo [name: default]
2024-10-11T11:28:17.027+02:00  INFO 15904 --- [Gym] [main] org.hibernate.Version                    : HHH000412: Hibernate ORM core version 6.5.2.Final
2024-10-11T11:28:17.061+02:00  INFO 15904 --- [Gym] [main] o.h.c.internal.RegionFactoryInitiator    : HHH000026: Second-level cache disabled
2024-10-11T11:28:17.369+02:00  INFO 15904 --- [Gym] [main] o.s.o.j.p.SpringPersistenceUnitInfo      : No LoadTimeWeaver setup: ignoring JPA class transformer
2024-10-11T11:28:17.395+02:00  INFO 15904 --- [Gym] [main] com.zaxxer.hikari.HikariDataSource       : HikariPool-1 - Starting...
2024-10-11T11:28:17.736+02:00  INFO 15904 --- [Gym] [main] com.zaxxer.hikari.pool.HikariPool        : HikariPool-1 - Added connection com.mysql.cj.jdbc.ConnectionImpl@28d56028
2024-10-11T11:28:17.738+02:00  INFO 15904 --- [Gym] [main] com.zaxxer.hikari.HikariDataSource       : HikariPool-1 - Start completed.
2024-10-11T11:28:18.720+02:00  INFO 15904 --- [Gym] [main] o.h.e.t.j.p.i.JtaPlatformInitiator       : HHH000489: No JTA platform available (set 'hibernate.transaction.jta.platform' to enable JTA platform integration)
2024-10-11T11:28:18.759+02:00  INFO 15904 --- [Gym] [main] j.LocalContainerEntityManagerFactoryBean : Initialized JPA EntityManagerFactory for persistence unit 'default'
2024-10-11T11:28:20.137+02:00  INFO 15904 --- [Gym] [main] o.s.b.a.e.web.EndpointLinksResolver      : Exposing 15 endpoints beneath base path '/actuator'
2024-10-11T11:28:20.241+02:00  INFO 15904 --- [Gym] [main] o.s.b.w.embedded.tomcat.TomcatWebServer  : Tomcat started on port 8080 (http) with context path '/'
2024-10-11T11:28:20.253+02:00  INFO 15904 --- [Gym] [main] com.myProject.demo.GymApplication        : Started GymApplication in 6.402 seconds (process running for 7.314)
2024-10-11T11:28:20.612+02:00  INFO 15904 --- [Gym] [RMI TCP Connection(3)-192.168.1.104] o.a.c.c.C.[Tomcat].[localhost].[/]       : Initializing Spring DispatcherServlet 'dispatcherServlet'
2024-10-11T11:28:20.615+02:00  INFO 15904 --- [Gym] [RMI TCP Connection(3)-192.168.1.104] o.s.web.servlet.DispatcherServlet        : Initializing Servlet 'dispatcherServlet'
2024-10-11T11:28:20.633+02:00  INFO 15904 --- [Gym] [RMI TCP Connection(3)-192.168.1.104] o.s.web.servlet.DispatcherServlet        : Completed initialization in 16 ms
2024-10-11T11:29:29.224+02:00  INFO 15904 --- [Gym] [http-nio-8080-exec-6] c.m.demo.controller.SchedaController     : Received request to insert scheda with id 0
2024-10-11T11:29:29.224+02:00  INFO 15904 --- [Gym] [http-nio-8080-exec-6] c.myProject.demo.service.SchedaService   : Inserting scheda with id: 0
2024-10-11T11:29:29.510+02:00  INFO 15904 --- [Gym] [http-nio-8080-exec-6] c.myProject.demo.service.SchedaService   : Scheda with ID: 3 inserted successfully
2024-10-11T11:29:29.551+02:00  INFO 15904 --- [Gym] [http-nio-8080-exec-7] c.m.demo.controller.SchedaController     : Received request to fetch all schedas
2024-10-11T11:29:29.559+02:00  INFO 15904 --- [Gym] [http-nio-8080-exec-7] c.myProject.demo.service.SchedaService   : Fetching all schedas
2024-10-11T11:29:34.307+02:00  INFO 15904 --- [Gym] [http-nio-8080-exec-9] c.m.demo.controller.SchedaController     : Received request to delete scheda with id 3
2024-10-11T11:29:34.307+02:00  INFO 15904 --- [Gym] [http-nio-8080-exec-9] c.myProject.demo.service.SchedaService   : Deleting scheda with id: 3
2024-10-11T11:29:34.419+02:00  INFO 15904 --- [Gym] [http-nio-8080-exec-9] c.myProject.demo.service.SchedaService   : Scheda with ID: 3 deleted successfully
2024-10-11T11:29:34.434+02:00  INFO 15904 --- [Gym] [http-nio-8080-exec-4] c.m.demo.controller.SchedaController     : Received request to fetch all schedas
2024-10-11T11:29:34.434+02:00  INFO 15904 --- [Gym] [http-nio-8080-exec-4] c.myProject.demo.service.SchedaService   : Fetching all schedas
2024-10-11T11:29:47.808+02:00  INFO 15904 --- [Gym] [http-nio-8080-exec-2] c.m.demo.controller.SchedaController     : Received request to insert scheda with id 0
2024-10-11T11:29:47.809+02:00  INFO 15904 --- [Gym] [http-nio-8080-exec-2] c.myProject.demo.service.SchedaService   : Inserting scheda with id: 0
2024-10-11T11:29:47.847+02:00  INFO 15904 --- [Gym] [http-nio-8080-exec-2] c.myProject.demo.service.SchedaService   : Scheda with ID: 4 inserted successfully
2024-10-11T11:29:47.863+02:00  INFO 15904 --- [Gym] [http-nio-8080-exec-1] c.m.demo.controller.SchedaController     : Received request to fetch all schedas
2024-10-11T11:29:47.863+02:00  INFO 15904 --- [Gym] [http-nio-8080-exec-1] c.myProject.demo.service.SchedaService   : Fetching all schedas
2024-10-11T11:30:18.929+02:00  INFO 15904 --- [Gym] [http-nio-8080-exec-3] c.m.demo.controller.SchedaController     : Received request to delete scheda with id 4
2024-10-11T11:30:18.929+02:00  INFO 15904 --- [Gym] [http-nio-8080-exec-3] c.myProject.demo.service.SchedaService   : Deleting scheda with id: 4
2024-10-11T11:30:18.995+02:00  INFO 15904 --- [Gym] [http-nio-8080-exec-3] c.myProject.demo.service.SchedaService   : Scheda with ID: 4 deleted successfully
2024-10-11T11:30:19.011+02:00  INFO 15904 --- [Gym] [http-nio-8080-exec-5] c.m.demo.controller.SchedaController     : Received request to fetch all schedas
2024-10-11T11:30:19.011+02:00  INFO 15904 --- [Gym] [http-nio-8080-exec-5] c.myProject.demo.service.SchedaService   : Fetching all schedas
2024-10-11T11:34:15.069+02:00  INFO 15508 --- [Gym] [main] com.myProject.demo.GymApplicationTests   : Starting GymApplicationTests using Java 22.0.1 with PID 15508 (started by TSI USER in C:\Users\TSI USER\Documents\GitHub\Gym-BE)
2024-10-11T11:34:15.069+02:00  INFO 15508 --- [Gym] [main] com.myProject.demo.GymApplicationTests   : No active profile set, falling back to 1 default profile: "default"
2024-10-11T11:34:16.679+02:00  INFO 15508 --- [Gym] [main] .s.d.r.c.RepositoryConfigurationDelegate : Multiple Spring Data modules found, entering strict repository configuration mode
2024-10-11T11:34:16.679+02:00  INFO 15508 --- [Gym] [main] .s.d.r.c.RepositoryConfigurationDelegate : Bootstrapping Spring Data JDBC repositories in DEFAULT mode.
2024-10-11T11:34:16.721+02:00  INFO 15508 --- [Gym] [main] .RepositoryConfigurationExtensionSupport : Spring Data JDBC - Could not safely identify store assignment for repository candidate interface com.myProject.demo.repository.SchedaRepository; If you want this repository to be a JDBC repository, consider annotating your entities with one of these annotations: org.springframework.data.relational.core.mapping.Table.
2024-10-11T11:34:16.721+02:00  INFO 15508 --- [Gym] [main] .RepositoryConfigurationExtensionSupport : Spring Data JDBC - Could not safely identify store assignment for repository candidate interface com.myProject.demo.repository.UserRepository; If you want this repository to be a JDBC repository, consider annotating your entities with one of these annotations: org.springframework.data.relational.core.mapping.Table.
2024-10-11T11:34:16.721+02:00  INFO 15508 --- [Gym] [main] .s.d.r.c.RepositoryConfigurationDelegate : Finished Spring Data repository scanning in 35 ms. Found 0 JDBC repository interfaces.
2024-10-11T11:34:16.737+02:00  INFO 15508 --- [Gym] [main] .s.d.r.c.RepositoryConfigurationDelegate : Multiple Spring Data modules found, entering strict repository configuration mode
2024-10-11T11:34:16.737+02:00  INFO 15508 --- [Gym] [main] .s.d.r.c.RepositoryConfigurationDelegate : Bootstrapping Spring Data JPA repositories in DEFAULT mode.
2024-10-11T11:34:16.787+02:00  INFO 15508 --- [Gym] [main] .s.d.r.c.RepositoryConfigurationDelegate : Finished Spring Data repository scanning in 43 ms. Found 2 JPA repository interfaces.
2024-10-11T11:34:17.306+02:00  WARN 15508 --- [Gym] [main] trationDelegate$BeanPostProcessorChecker : Bean 'org.springframework.ws.config.annotation.DelegatingWsConfiguration' of type [org.springframework.ws.config.annotation.DelegatingWsConfiguration$$SpringCGLIB$$0] is not eligible for getting processed by all BeanPostProcessors (for example: not eligible for auto-proxying). The currently created BeanPostProcessor [annotationActionEndpointMapping] is declared through a non-static factory method on that class; consider declaring it as static instead.
2024-10-11T11:34:17.347+02:00  INFO 15508 --- [Gym] [main] .w.s.a.s.AnnotationActionEndpointMapping : Supporting [WS-Addressing August 2004, WS-Addressing 1.0]
2024-10-11T11:34:18.046+02:00  INFO 15508 --- [Gym] [main] o.hibernate.jpa.internal.util.LogHelper  : HHH000204: Processing PersistenceUnitInfo [name: default]
2024-10-11T11:34:18.144+02:00  INFO 15508 --- [Gym] [main] org.hibernate.Version                    : HHH000412: Hibernate ORM core version 6.5.2.Final
2024-10-11T11:34:18.192+02:00  INFO 15508 --- [Gym] [main] o.h.c.internal.RegionFactoryInitiator    : HHH000026: Second-level cache disabled
2024-10-11T11:34:18.856+02:00  INFO 15508 --- [Gym] [main] o.s.o.j.p.SpringPersistenceUnitInfo      : No LoadTimeWeaver setup: ignoring JPA class transformer
2024-10-11T11:34:18.914+02:00  INFO 15508 --- [Gym] [main] com.zaxxer.hikari.HikariDataSource       : HikariPool-1 - Starting...
2024-10-11T11:34:19.530+02:00  INFO 15508 --- [Gym] [main] com.zaxxer.hikari.pool.HikariPool        : HikariPool-1 - Added connection com.mysql.cj.jdbc.ConnectionImpl@23358740
2024-10-11T11:34:19.538+02:00  INFO 15508 --- [Gym] [main] com.zaxxer.hikari.HikariDataSource       : HikariPool-1 - Start completed.
2024-10-11T11:34:20.730+02:00  INFO 15508 --- [Gym] [main] o.h.e.t.j.p.i.JtaPlatformInitiator       : HHH000489: No JTA platform available (set 'hibernate.transaction.jta.platform' to enable JTA platform integration)
2024-10-11T11:34:20.771+02:00  INFO 15508 --- [Gym] [main] j.LocalContainerEntityManagerFactoryBean : Initialized JPA EntityManagerFactory for persistence unit 'default'
2024-10-11T11:34:23.509+02:00  INFO 15508 --- [Gym] [main] o.s.b.a.e.web.EndpointLinksResolver      : Exposing 15 endpoints beneath base path '/actuator'
2024-10-11T11:34:23.649+02:00  INFO 15508 --- [Gym] [main] com.myProject.demo.GymApplicationTests   : Started GymApplicationTests in 9.119 seconds (process running for 10.504)
2024-10-11T11:34:24.577+02:00  INFO 15508 --- [Gym] [SpringApplicationShutdownHook] j.LocalContainerEntityManagerFactoryBean : Closing JPA EntityManagerFactory for persistence unit 'default'
2024-10-11T11:34:24.577+02:00  INFO 15508 --- [Gym] [SpringApplicationShutdownHook] com.zaxxer.hikari.HikariDataSource       : HikariPool-1 - Shutdown initiated...
2024-10-11T11:34:24.593+02:00  INFO 15508 --- [Gym] [SpringApplicationShutdownHook] com.zaxxer.hikari.HikariDataSource       : HikariPool-1 - Shutdown completed.
2024-10-11T11:34:28.842+02:00  INFO 15904 --- [Gym] [SpringApplicationShutdownHook] j.LocalContainerEntityManagerFactoryBean : Closing JPA EntityManagerFactory for persistence unit 'default'
2024-10-11T11:34:28.842+02:00  INFO 15904 --- [Gym] [SpringApplicationShutdownHook] com.zaxxer.hikari.HikariDataSource       : HikariPool-1 - Shutdown initiated...
2024-10-11T11:34:28.893+02:00  INFO 15904 --- [Gym] [SpringApplicationShutdownHook] com.zaxxer.hikari.HikariDataSource       : HikariPool-1 - Shutdown completed.
2024-10-11T11:34:33.494+02:00  INFO 9440 --- [Gym] [main] com.myProject.demo.GymApplication        : Starting GymApplication using Java 22.0.1 with PID 9440 (C:\Users\TSI USER\Documents\GitHub\Gym-BE\target\classes started by TSI USER in C:\Users\TSI USER\Documents\GitHub\Gym-BE)
2024-10-11T11:34:33.497+02:00  INFO 9440 --- [Gym] [main] com.myProject.demo.GymApplication        : No active profile set, falling back to 1 default profile: "default"
2024-10-11T11:34:34.563+02:00  INFO 9440 --- [Gym] [main] .s.d.r.c.RepositoryConfigurationDelegate : Multiple Spring Data modules found, entering strict repository configuration mode
2024-10-11T11:34:34.565+02:00  INFO 9440 --- [Gym] [main] .s.d.r.c.RepositoryConfigurationDelegate : Bootstrapping Spring Data JDBC repositories in DEFAULT mode.
2024-10-11T11:34:34.598+02:00  INFO 9440 --- [Gym] [main] .RepositoryConfigurationExtensionSupport : Spring Data JDBC - Could not safely identify store assignment for repository candidate interface com.myProject.demo.repository.SchedaRepository; If you want this repository to be a JDBC repository, consider annotating your entities with one of these annotations: org.springframework.data.relational.core.mapping.Table.
2024-10-11T11:34:34.600+02:00  INFO 9440 --- [Gym] [main] .RepositoryConfigurationExtensionSupport : Spring Data JDBC - Could not safely identify store assignment for repository candidate interface com.myProject.demo.repository.UserRepository; If you want this repository to be a JDBC repository, consider annotating your entities with one of these annotations: org.springframework.data.relational.core.mapping.Table.
2024-10-11T11:34:34.601+02:00  INFO 9440 --- [Gym] [main] .s.d.r.c.RepositoryConfigurationDelegate : Finished Spring Data repository scanning in 32 ms. Found 0 JDBC repository interfaces.
2024-10-11T11:34:34.611+02:00  INFO 9440 --- [Gym] [main] .s.d.r.c.RepositoryConfigurationDelegate : Multiple Spring Data modules found, entering strict repository configuration mode
2024-10-11T11:34:34.613+02:00  INFO 9440 --- [Gym] [main] .s.d.r.c.RepositoryConfigurationDelegate : Bootstrapping Spring Data JPA repositories in DEFAULT mode.
2024-10-11T11:34:34.644+02:00  INFO 9440 --- [Gym] [main] .s.d.r.c.RepositoryConfigurationDelegate : Finished Spring Data repository scanning in 27 ms. Found 2 JPA repository interfaces.
2024-10-11T11:34:34.969+02:00  WARN 9440 --- [Gym] [main] trationDelegate$BeanPostProcessorChecker : Bean 'org.springframework.ws.config.annotation.DelegatingWsConfiguration' of type [org.springframework.ws.config.annotation.DelegatingWsConfiguration$$SpringCGLIB$$0] is not eligible for getting processed by all BeanPostProcessors (for example: not eligible for auto-proxying). The currently created BeanPostProcessor [annotationActionEndpointMapping] is declared through a non-static factory method on that class; consider declaring it as static instead.
2024-10-11T11:34:34.989+02:00  INFO 9440 --- [Gym] [main] .w.s.a.s.AnnotationActionEndpointMapping : Supporting [WS-Addressing August 2004, WS-Addressing 1.0]
2024-10-11T11:34:35.475+02:00  INFO 9440 --- [Gym] [main] o.s.b.w.embedded.tomcat.TomcatWebServer  : Tomcat initialized with port 8080 (http)
2024-10-11T11:34:35.487+02:00  INFO 9440 --- [Gym] [main] o.apache.catalina.core.StandardService   : Starting service [Tomcat]
2024-10-11T11:34:35.488+02:00  INFO 9440 --- [Gym] [main] o.apache.catalina.core.StandardEngine    : Starting Servlet engine: [Apache Tomcat/10.1.25]
2024-10-11T11:34:35.571+02:00  INFO 9440 --- [Gym] [main] o.a.c.c.C.[Tomcat].[localhost].[/]       : Initializing Spring embedded WebApplicationContext
2024-10-11T11:34:35.572+02:00  INFO 9440 --- [Gym] [main] w.s.c.ServletWebServerApplicationContext : Root WebApplicationContext: initialization completed in 2018 ms
2024-10-11T11:34:35.917+02:00  INFO 9440 --- [Gym] [main] o.hibernate.jpa.internal.util.LogHelper  : HHH000204: Processing PersistenceUnitInfo [name: default]
2024-10-11T11:34:35.965+02:00  INFO 9440 --- [Gym] [main] org.hibernate.Version                    : HHH000412: Hibernate ORM core version 6.5.2.Final
2024-10-11T11:34:35.992+02:00  INFO 9440 --- [Gym] [main] o.h.c.internal.RegionFactoryInitiator    : HHH000026: Second-level cache disabled
2024-10-11T11:34:36.296+02:00  INFO 9440 --- [Gym] [main] o.s.o.j.p.SpringPersistenceUnitInfo      : No LoadTimeWeaver setup: ignoring JPA class transformer
2024-10-11T11:34:36.317+02:00  INFO 9440 --- [Gym] [main] com.zaxxer.hikari.HikariDataSource       : HikariPool-1 - Starting...
2024-10-11T11:34:36.666+02:00  INFO 9440 --- [Gym] [main] com.zaxxer.hikari.pool.HikariPool        : HikariPool-1 - Added connection com.mysql.cj.jdbc.ConnectionImpl@2b15ba1a
2024-10-11T11:34:36.668+02:00  INFO 9440 --- [Gym] [main] com.zaxxer.hikari.HikariDataSource       : HikariPool-1 - Start completed.
2024-10-11T11:34:37.670+02:00  INFO 9440 --- [Gym] [main] o.h.e.t.j.p.i.JtaPlatformInitiator       : HHH000489: No JTA platform available (set 'hibernate.transaction.jta.platform' to enable JTA platform integration)
2024-10-11T11:34:37.712+02:00  INFO 9440 --- [Gym] [main] j.LocalContainerEntityManagerFactoryBean : Initialized JPA EntityManagerFactory for persistence unit 'default'
2024-10-11T11:34:39.022+02:00  INFO 9440 --- [Gym] [main] o.s.b.a.e.web.EndpointLinksResolver      : Exposing 15 endpoints beneath base path '/actuator'
2024-10-11T11:34:39.132+02:00  INFO 9440 --- [Gym] [main] o.s.b.w.embedded.tomcat.TomcatWebServer  : Tomcat started on port 8080 (http) with context path '/'
2024-10-11T11:34:39.143+02:00  INFO 9440 --- [Gym] [main] com.myProject.demo.GymApplication        : Started GymApplication in 6.188 seconds (process running for 7.112)
2024-10-11T11:34:39.789+02:00  INFO 9440 --- [Gym] [RMI TCP Connection(3)-192.168.1.104] o.a.c.c.C.[Tomcat].[localhost].[/]       : Initializing Spring DispatcherServlet 'dispatcherServlet'
2024-10-11T11:34:39.789+02:00  INFO 9440 --- [Gym] [RMI TCP Connection(3)-192.168.1.104] o.s.web.servlet.DispatcherServlet        : Initializing Servlet 'dispatcherServlet'
2024-10-11T11:34:39.833+02:00  INFO 9440 --- [Gym] [RMI TCP Connection(3)-192.168.1.104] o.s.web.servlet.DispatcherServlet        : Completed initialization in 43 ms
2024-10-11T11:35:20.234+02:00  INFO 9440 --- [Gym] [http-nio-8080-exec-6] c.m.demo.controller.UserController       : Received request to fetch all users
2024-10-11T11:35:20.234+02:00  INFO 9440 --- [Gym] [http-nio-8080-exec-6] com.myProject.demo.service.UserService   : Fetching all users
2024-10-11T11:41:41.989+02:00  WARN 9440 --- [Gym] [HikariPool-1 housekeeper] com.zaxxer.hikari.pool.HikariPool        : HikariPool-1 - Thread starvation or clock leap detected (housekeeper delta=5m5s325ms970µs500ns).
2024-10-11T14:23:46.194+02:00  WARN 9440 --- [Gym] [HikariPool-1 housekeeper] com.zaxxer.hikari.pool.HikariPool        : HikariPool-1 - Thread starvation or clock leap detected (housekeeper delta=2h15m3s962ms384µs500ns).
2024-10-11T14:50:13.420+02:00  INFO 9440 --- [Gym] [http-nio-8080-exec-2] c.m.demo.controller.SchedaController     : Received request to fetch all schedas
2024-10-11T14:50:13.422+02:00  INFO 9440 --- [Gym] [http-nio-8080-exec-2] c.myProject.demo.service.SchedaService   : Fetching all schedas
2024-10-11T16:18:13.203+02:00  INFO 9440 --- [Gym] [SpringApplicationShutdownHook] j.LocalContainerEntityManagerFactoryBean : Closing JPA EntityManagerFactory for persistence unit 'default'
2024-10-11T16:18:13.217+02:00  INFO 9440 --- [Gym] [SpringApplicationShutdownHook] com.zaxxer.hikari.HikariDataSource       : HikariPool-1 - Shutdown initiated...
2024-10-11T16:18:13.280+02:00  INFO 9440 --- [Gym] [SpringApplicationShutdownHook] com.zaxxer.hikari.HikariDataSource       : HikariPool-1 - Shutdown completed.
